0 info it worked if it ends with ok
1 verbose cli [ '/usr/bin/nodejs', '/usr/bin/npm', 'install', 'bootstrap' ]
2 info using npm@3.5.2
3 info using node@v4.2.6
4 silly loadCurrentTree Starting
5 silly install loadCurrentTree
6 silly install readLocalPackageData
7 silly fetchPackageMetaData bootstrap
8 silly fetchNamedPackageData bootstrap
9 silly mapToRegistry name bootstrap
10 silly mapToRegistry using default registry
11 silly mapToRegistry registry https://registry.npmjs.org/
12 silly mapToRegistry uri https://registry.npmjs.org/bootstrap
13 verbose request uri https://registry.npmjs.org/bootstrap
14 verbose request no auth needed
15 info attempt registry request try #1 at 11:10:40 PM
16 verbose request id 6568062a56438841
17 http request GET https://registry.npmjs.org/bootstrap
18 info retry will retry, error on last attempt: Error: tunneling socket could not be established, cause=write EPROTO
19 info attempt registry request try #2 at 11:10:53 PM
20 http request GET https://registry.npmjs.org/bootstrap
21 info retry will retry, error on last attempt: Error: tunneling socket could not be established, cause=write EPROTO
22 info attempt registry request try #3 at 11:11:57 PM
23 http request GET https://registry.npmjs.org/bootstrap
24 silly fetchPackageMetaData Error: tunneling socket could not be established, cause=write EPROTO
24 silly fetchPackageMetaData     at ClientRequest.onError (/usr/share/npm/node_modules/request/node_modules/tunnel-agent/index.js:174:17)
24 silly fetchPackageMetaData     at ClientRequest.g (events.js:260:16)
24 silly fetchPackageMetaData     at emitOne (events.js:77:13)
24 silly fetchPackageMetaData     at ClientRequest.emit (events.js:169:7)
24 silly fetchPackageMetaData     at TLSSocket.socketErrorListener (_http_client.js:258:9)
24 silly fetchPackageMetaData     at emitOne (events.js:77:13)
24 silly fetchPackageMetaData     at TLSSocket.emit (events.js:169:7)
24 silly fetchPackageMetaData     at onwriteError (_stream_writable.js:304:10)
24 silly fetchPackageMetaData     at onwrite (_stream_writable.js:322:5)
24 silly fetchPackageMetaData     at WritableState.onwrite (_stream_writable.js:89:5)
24 silly fetchPackageMetaData  error for bootstrap { [Error: tunneling socket could not be established, cause=write EPROTO] code: 'ECONNRESET' }
25 silly rollbackFailedOptional Starting
26 silly rollbackFailedOptional Finishing
27 silly runTopLevelLifecycles Starting
28 silly runTopLevelLifecycles Finishing
29 silly install printInstalled
30 verbose stack Error: tunneling socket could not be established, cause=write EPROTO
30 verbose stack     at ClientRequest.onError (/usr/share/npm/node_modules/request/node_modules/tunnel-agent/index.js:174:17)
30 verbose stack     at ClientRequest.g (events.js:260:16)
30 verbose stack     at emitOne (events.js:77:13)
30 verbose stack     at ClientRequest.emit (events.js:169:7)
30 verbose stack     at TLSSocket.socketErrorListener (_http_client.js:258:9)
30 verbose stack     at emitOne (events.js:77:13)
30 verbose stack     at TLSSocket.emit (events.js:169:7)
30 verbose stack     at onwriteError (_stream_writable.js:304:10)
30 verbose stack     at onwrite (_stream_writable.js:322:5)
30 verbose stack     at WritableState.onwrite (_stream_writable.js:89:5)
31 verbose cwd /home/swapnil/Desktop/flask-intro
32 error Linux 4.4.0-59-generic
33 error argv "/usr/bin/nodejs" "/usr/bin/npm" "install" "bootstrap"
34 error node v4.2.6
35 error npm  v3.5.2
36 error code ECONNRESET
37 error network tunneling socket could not be established, cause=write EPROTO
38 error network This is most likely not a problem with npm itself
38 error network and is related to network connectivity.
38 error network In most cases you are behind a proxy or have bad network settings.
38 error network
38 error network If you are behind a proxy, please make sure that the
38 error network 'proxy' config is set properly.  See: 'npm help config'
39 verbose exit [ 1, true ]
